Unity Editor version:    2022.3.8f1 (b5eafc012955)
Branch:                  2022.3/staging
Build type:              Release
Batch mode:              YES
macOS version:           Version 13.5.1 (Build 22G90)
Darwin version:          22.6.0
Architecture:            x86_64
Running under Rosetta:   NO
Available memory:        32768 MB
Using pre-set license
Pro License: YES

COMMAND LINE ARGUMENTS:
/Applications/Unity/Hub/Editor/2022.3.8f1/Unity.app/Contents/MacOS/Unity
-adb2
-batchMode
-noUpm
-name
AssetImportWorker6
-projectPath
/Users/aiden/Documents/GitHub/Indie_GameProject/IndieGamePractice
-logFile
Logs/AssetImportWorker6.log
-srvPort
50159
Successfully changed project path to: /Users/aiden/Documents/GitHub/Indie_GameProject/IndieGamePractice
/Users/aiden/Documents/GitHub/Indie_GameProject/IndieGamePractice
[UnityMemory] Configuration Parameters - Can be set up in boot.config
    "memorysetup-bucket-allocator-granularity=16"
    "memorysetup-bucket-allocator-bucket-count=8"
    "memorysetup-bucket-allocator-block-size=33554432"
    "memorysetup-bucket-allocator-block-count=8"
    "memorysetup-main-allocator-block-size=16777216"
    "memorysetup-thread-allocator-block-size=16777216"
    "memorysetup-gfx-main-allocator-block-size=16777216"
    "memorysetup-gfx-thread-allocator-block-size=16777216"
    "memorysetup-cache-allocator-block-size=4194304"
    "memorysetup-typetree-allocator-block-size=2097152"
    "memorysetup-profiler-bucket-allocator-granularity=16"
    "memorysetup-profiler-bucket-allocator-bucket-count=8"
    "memorysetup-profiler-bucket-allocator-block-size=33554432"
    "memorysetup-profiler-bucket-allocator-block-count=8"
    "memorysetup-profiler-allocator-block-size=16777216"
    "memorysetup-profiler-editor-allocator-block-size=1048576"
    "memorysetup-temp-allocator-size-main=16777216"
    "memorysetup-job-temp-allocator-block-size=2097152"
    "memorysetup-job-temp-allocator-block-size-background=1048576"
    "memorysetup-job-temp-allocator-reduction-small-platforms=262144"
    "memorysetup-allocator-temp-initial-block-size-main=262144"
    "memorysetup-allocator-temp-initial-block-size-worker=262144"
    "memorysetup-temp-allocator-size-background-worker=32768"
    "memorysetup-temp-allocator-size-job-worker=262144"
    "memorysetup-temp-allocator-size-preload-manager=33554432"
    "memorysetup-temp-allocator-size-nav-mesh-worker=65536"
    "memorysetup-temp-allocator-size-audio-worker=65536"
    "memorysetup-temp-allocator-size-cloud-worker=32768"
    "memorysetup-temp-allocator-size-gi-baking-worker=262144"
    "memorysetup-temp-allocator-size-gfx=262144"
Player connection [140704308025088] Host "[IP] 192.168.25.54 [Port] 0 [Flags] 2 [Guid] 3359704204 [EditorId] 3359704204 [Version] 1048832 [Id] OSXEditor(0,Sean-MacBook-Pro.local) [Debug] 1 [PackageName] OSXEditor [ProjectName] Editor" joined multi-casting on [225.0.0.222:54997]...

Player connection [140704308025088] Host "[IP] 192.168.25.54 [Port] 0 [Flags] 2 [Guid] 3359704204 [EditorId] 3359704204 [Version] 1048832 [Id] OSXEditor(0,Sean-MacBook-Pro.local) [Debug] 1 [PackageName] OSXEditor [ProjectName] Editor" joined alternative multi-casting on [225.0.0.222:34997]...

[Physics::Module] Initialized MultithreadedJobDispatcher with 15 workers.
Refreshing native plugins compatible for Editor in 18.51 ms, found 2 plugins.
Preloading 0 native plugins for Editor in 0.00 ms.
Initialize engine version: 2022.3.8f1 (b5eafc012955)
[Subsystems] Discovering subsystems at path /Applications/Unity/Hub/Editor/2022.3.8f1/Unity.app/Contents/Resources/UnitySubsystems
[Subsystems] Discovering subsystems at path /Users/aiden/Documents/GitHub/Indie_GameProject/IndieGamePractice/Assets
GfxDevice: creating device client; threaded=0; jobified=0
TFG27U06PQPRO preferred device: AMD Radeon Pro 5500M (high power)
Metal devices available: 2
0: AMD Radeon Pro 5500M (high power)
1: Intel(R) UHD Graphics 630 (low power)
Using device AMD Radeon Pro 5500M (high power)
Initializing Metal device caps: AMD Radeon Pro 5500M
Initialize mono
Mono path[0] = '/Applications/Unity/Hub/Editor/2022.3.8f1/Unity.app/Contents/Managed'
Mono path[1] = '/Applications/Unity/Hub/Editor/2022.3.8f1/Unity.app/Contents/MonoBleedingEdge/lib/mono/unityjit-macos'
Mono config path = '/Applications/Unity/Hub/Editor/2022.3.8f1/Unity.app/Contents/MonoBleedingEdge/etc'
Using monoOptions --debugger-agent=transport=dt_socket,embedding=1,server=y,suspend=n,address=127.0.0.1:56796
Begin MonoManager ReloadAssembly
Registering precompiled unity dll's ...
Register platform support module: /Applications/Unity/Hub/Editor/2022.3.8f1/Unity.app/Contents/PlaybackEngines/MacStandaloneSupport/UnityEditor.OSXStandalone.Extensions.dll
Register platform support module: /Applications/Unity/Hub/Editor/2022.3.8f1/PlaybackEngines/AndroidPlayer/UnityEditor.Android.Extensions.dll
Registered in 0.004235 seconds.
- Loaded All Assemblies, in  0.617 seconds
Native extension for Android target not found
Android Extension - Scanning For ADB Devices 168 ms
Native extension for OSXStandalone target not found
Mono: successfully reloaded assembly
- Finished resetting the current domain, in  0.725 seconds
Domain Reload Profiling: 1342ms
	BeginReloadAssembly (166ms)
		ExecutionOrderSort (0ms)
		DisableScriptedObjects (0ms)
		BackupInstance (0ms)
		ReleaseScriptingObjects (0ms)
		CreateAndSetChildDomain (1ms)
	RebuildCommonClasses (67ms)
	RebuildNativeTypeToScriptingClass (21ms)
	initialDomainReloadingComplete (88ms)
	LoadAllAssembliesAndSetupDomain (274ms)
		LoadAssemblies (167ms)
		RebuildTransferFunctionScriptingTraits (0ms)
		AnalyzeDomain (269ms)
			TypeCache.Refresh (266ms)
				TypeCache.ScanAssembly (245ms)
			ScanForSourceGeneratedMonoScriptInfo (1ms)
			ResolveRequiredComponents (1ms)
	FinalizeReload (726ms)
		ReleaseScriptCaches (0ms)
		RebuildScriptCaches (0ms)
		SetupLoadedEditorAssemblies (621ms)
			LogAssemblyErrors (0ms)
			InitializePlatformSupportModulesInManaged (365ms)
			SetLoadedEditorAssemblies (7ms)
			RefreshPlugins (0ms)
			BeforeProcessingInitializeOnLoad (4ms)
			ProcessInitializeOnLoadAttributes (169ms)
			ProcessInitializeOnLoadMethodAttributes (76ms)
			AfterProcessingInitializeOnLoad (0ms)
			EditorAssembliesLoaded (0ms)
		ExecutionOrderSort2 (0ms)
		AwakeInstancesAfterBackupRestoration (0ms)
========================================================================
Worker process is ready to serve import requests
Begin MonoManager ReloadAssembly
- Loaded All Assemblies, in  1.037 seconds
Refreshing native plugins compatible for Editor in 2.21 ms, found 2 plugins.
Native extension for Android target not found
Native extension for OSXStandalone target not found
Package Manager log level set to [2]
[Package Manager] Server::EnsureServerProcessIsRunning -- launch failed, reason: Unity was launched with the -noUpm command-line argument
[Package Manager] UpmClient::Send -- Unable to send message (not connected to UPM process).
[Package Manager] Cannot connect to Unity Package Manager local server
Mono: successfully reloaded assembly
- Finished resetting the current domain, in  0.947 seconds
Domain Reload Profiling: 1985ms
	BeginReloadAssembly (211ms)
		ExecutionOrderSort (0ms)
		DisableScriptedObjects (9ms)
		BackupInstance (0ms)
		ReleaseScriptingObjects (0ms)
		CreateAndSetChildDomain (43ms)
	RebuildCommonClasses (64ms)
	RebuildNativeTypeToScriptingClass (20ms)
	initialDomainReloadingComplete (70ms)
	LoadAllAssembliesAndSetupDomain (672ms)
		LoadAssemblies (444ms)
		RebuildTransferFunctionScriptingTraits (0ms)
		AnalyzeDomain (330ms)
			TypeCache.Refresh (295ms)
				TypeCache.ScanAssembly (269ms)
			ScanForSourceGeneratedMonoScriptInfo (23ms)
			ResolveRequiredComponents (8ms)
	FinalizeReload (948ms)
		ReleaseScriptCaches (0ms)
		RebuildScriptCaches (0ms)
		SetupLoadedEditorAssemblies (658ms)
			LogAssemblyErrors (0ms)
			InitializePlatformSupportModulesInManaged (36ms)
			SetLoadedEditorAssemblies (7ms)
			RefreshPlugins (0ms)
			BeforeProcessingInitializeOnLoad (86ms)
			ProcessInitializeOnLoadAttributes (495ms)
			ProcessInitializeOnLoadMethodAttributes (32ms)
			AfterProcessingInitializeOnLoad (2ms)
			EditorAssembliesLoaded (0ms)
		ExecutionOrderSort2 (0ms)
		AwakeInstancesAfterBackupRestoration (6ms)
Launching external process: /Applications/Unity/Hub/Editor/2022.3.8f1/Unity.app/Contents/Tools/UnityShaderCompiler
Launched and connected shader compiler UnityShaderCompiler after 0.12 seconds
Refreshing native plugins compatible for Editor in 2.05 ms, found 2 plugins.
Preloading 0 native plugins for Editor in 0.00 ms.
Unloading 3112 Unused Serialized files (Serialized files now loaded: 0)
Unloading 34 unused Assets / (51.7 KB). Loaded Objects now: 3577.
Memory consumption went from 122.6 MB to 122.5 MB.
Total: 4.840454 ms (FindLiveObjects: 0.343125 ms CreateObjectMapping: 0.323244 ms MarkObjects: 4.020190 ms  DeleteObjects: 0.152578 ms)

AssetImportParameters requested are different than current active one (requested -> active):
  custom:container-demuxer-ogg: 62fdf1f143b41e24485cea50d1cbac27 -> 
  custom:video-decoder-ogg-theora: a1e56fd34408186e4bbccfd4996cb3dc -> 
  custom:CustomObjectIndexerAttribute: 756ad292c208cfabdd7b50bc23989ffe -> 
  custom:container-demuxer-webm: 4f35f7cbe854078d1ac9338744f61a02 -> 
  custom:container-muxer-webm: aa71ff27fc2769a1b78a27578f13a17b -> 
  custom:video-decoder-webm-vp8: 9c59270c3fd7afecdb556c50c9e8de78 -> 
  custom:scripting/monoscript/fileName/ReadmeBE5.cs: 7b715dcf54ab100985e5ae21e451a126 -> a2b75ccd27af16bcfeb6426c96a2923e
  custom:SearchIndexIgnoredProperties: e643bd26f0fe6173181afceb89e7c659 -> 
  custom:AudioImporter_EditorPlatform: 3918e3fc78b5a79bad01e8451be0beb8 -> 
  custom:scripting/monoscript/fileName/ReadmeEditorBE5.cs: 8c58862edd7c7220b0f46aa1c3078ead -> ca968a14d262e7a84fd9505cb0b7a2cb
  custom:framework-osx-AVFoundation: e770b220cccbd017edd2c1fefb359320 -> 
  custom:video-encoder-webm-vp8: eb34c28f22e8b96e1ab97ce403110664 -> 
  custom:audio-decoder-ogg-vorbis: bf7c407c2cedff20999df2af8eb42d56 -> 
  custom:audio-encoder-webm-vorbis: bf7c407c2cedff20999df2af8eb42d56 -> 
  custom:scripting/monoscript/fileName/Coin.cs: 619f3eee3888c45b850590cb583d64bd -> 
========================================================================
Received Import Request.
  Time since last request: 64306.908784 seconds.
  path: Assets/Fantasy Skybox FREE/Panoramics/FS002/FS002_Day.png
  artifactKey: Guid(90bac99dc822bf641b140cdc291b845e) Importer(815301076,1909f56bfc062723c751e8b465ee728b)
Start importing Assets/Fantasy Skybox FREE/Panoramics/FS002/FS002_Day.png using Guid(90bac99dc822bf641b140cdc291b845e) Importer(815301076,1909f56bfc062723c751e8b465ee728b)  -> (artifact id: '50fe78b16b8e7e9c4fa7cf756577a307') in 0.082240 seconds
Number of updated asset objects reloaded before import = 0
Number of asset objects unloaded after import = 2
========================================================================
Received Import Request.
  Time since last request: 0.049972 seconds.
  path: Assets/Fantasy Skybox FREE/Panoramics/FS002/FS002_Day.mat
  artifactKey: Guid(9ca22510633fbfd4399f1704cd9d5c72) Importer(815301076,1909f56bfc062723c751e8b465ee728b)
Start importing Assets/Fantasy Skybox FREE/Panoramics/FS002/FS002_Day.mat using Guid(9ca22510633fbfd4399f1704cd9d5c72) Importer(815301076,1909f56bfc062723c751e8b465ee728b)  -> (artifact id: 'cd41328a8bd4c7daa5a835699bbb78d3') in 0.393394 seconds
Number of updated asset objects reloaded before import = 0
Number of asset objects unloaded after import = 2
========================================================================
Received Import Request.
  Time since last request: 0.000104 seconds.
  path: Assets/Fantasy Skybox FREE/Panoramics/FS002/FS002_Sunset.png
  artifactKey: Guid(88c4ef1770f6491408e50fd96829b1b6) Importer(815301076,1909f56bfc062723c751e8b465ee728b)
Start importing Assets/Fantasy Skybox FREE/Panoramics/FS002/FS002_Sunset.png using Guid(88c4ef1770f6491408e50fd96829b1b6) Importer(815301076,1909f56bfc062723c751e8b465ee728b)  -> (artifact id: '6ecfad85b157c42eff7944330d4ba7f7') in 0.010052 seconds
Number of updated asset objects reloaded before import = 0
Number of asset objects unloaded after import = 2
========================================================================
Received Import Request.
  Time since last request: 0.000107 seconds.
  path: Assets/Fantasy Skybox FREE/Panoramics/FS002/FS002_Sunset.mat
  artifactKey: Guid(44d0573bf6d91e447b62f3aff840f2ae) Importer(815301076,1909f56bfc062723c751e8b465ee728b)
Start importing Assets/Fantasy Skybox FREE/Panoramics/FS002/FS002_Sunset.mat using Guid(44d0573bf6d91e447b62f3aff840f2ae) Importer(815301076,1909f56bfc062723c751e8b465ee728b)  -> (artifact id: 'e0762a66bc277b67c43b4e6dbd723d04') in 0.011416 seconds
Number of updated asset objects reloaded before import = 0
Number of asset objects unloaded after import = 2
========================================================================
Received Import Request.
  Time since last request: 0.000244 seconds.
  path: Assets/Fantasy Skybox FREE/Panoramics/FS002/FS002_Night.mat
  artifactKey: Guid(d1fdb8e44b28da34d9e922cca0bc740e) Importer(815301076,1909f56bfc062723c751e8b465ee728b)
Start importing Assets/Fantasy Skybox FREE/Panoramics/FS002/FS002_Night.mat using Guid(d1fdb8e44b28da34d9e922cca0bc740e) Importer(815301076,1909f56bfc062723c751e8b465ee728b)  -> (artifact id: 'efd6dd8b9c9090f6f9eb23c2c2a060f9') in 0.010689 seconds
Number of updated asset objects reloaded before import = 0
Number of asset objects unloaded after import = 2
========================================================================
Received Import Request.
  Time since last request: 0.000169 seconds.
  path: Assets/Fantasy Skybox FREE/Panoramics/FS002/FS002_Sunrise.png
  artifactKey: Guid(7deb3454b299fae498f2365d40aee326) Importer(815301076,1909f56bfc062723c751e8b465ee728b)
Start importing Assets/Fantasy Skybox FREE/Panoramics/FS002/FS002_Sunrise.png using Guid(7deb3454b299fae498f2365d40aee326) Importer(815301076,1909f56bfc062723c751e8b465ee728b)  -> (artifact id: 'c41b7209a906461b3b0802893fbe6eaf') in 0.009704 seconds
Number of updated asset objects reloaded before import = 0
Number of asset objects unloaded after import = 2
========================================================================
Received Import Request.
  Time since last request: 0.000123 seconds.
  path: Assets/Fantasy Skybox FREE/Panoramics/FS002/FS002_Sunrise.mat
  artifactKey: Guid(7c86d4abbd33b564b9e773aceadb8572) Importer(815301076,1909f56bfc062723c751e8b465ee728b)
Start importing Assets/Fantasy Skybox FREE/Panoramics/FS002/FS002_Sunrise.mat using Guid(7c86d4abbd33b564b9e773aceadb8572) Importer(815301076,1909f56bfc062723c751e8b465ee728b)  -> (artifact id: 'deca56b9dc945c99884d558f2122be4a') in 0.010287 seconds
Number of updated asset objects reloaded before import = 0
Number of asset objects unloaded after import = 2
========================================================================
Received Import Request.
  Time since last request: 0.000068 seconds.
  path: Assets/Fantasy Skybox FREE/Panoramics/FS002/FS002_Night_Moonless.mat
  artifactKey: Guid(1cc6e6796f833a94f94e6d794ca654c3) Importer(815301076,1909f56bfc062723c751e8b465ee728b)
Start importing Assets/Fantasy Skybox FREE/Panoramics/FS002/FS002_Night_Moonless.mat using Guid(1cc6e6796f833a94f94e6d794ca654c3) Importer(815301076,1909f56bfc062723c751e8b465ee728b)  -> (artifact id: '495256ef7cafa8a34aa312b77f196c0c') in 0.011580 seconds
Number of updated asset objects reloaded before import = 0
Number of asset objects unloaded after import = 2
========================================================================
Received Import Request.
  Time since last request: 46.167918 seconds.
  path: Assets/Asset2/QuarterView 3D Action BE5/Materials/Weapon Hand Gun.mat
  artifactKey: Guid(ecabd400f66febc408288170bcd623b0) Importer(815301076,1909f56bfc062723c751e8b465ee728b)
Start importing Assets/Asset2/QuarterView 3D Action BE5/Materials/Weapon Hand Gun.mat using Guid(ecabd400f66febc408288170bcd623b0) Importer(815301076,1909f56bfc062723c751e8b465ee728b)  -> (artifact id: 'e759c9647beaa852a8d486e1e07577f0') in 0.018888 seconds
Number of updated asset objects reloaded before import = 0
Number of asset objects unloaded after import = 2
========================================================================
Received Import Request.
  Time since last request: 0.045365 seconds.
  path: Assets/Asset2/QuarterView 3D Action BE5/Models/Simple Player.fbx
  artifactKey: Guid(cae3f9537776dea41855a724b56dd2c9) Importer(815301076,1909f56bfc062723c751e8b465ee728b)
Start importing Assets/Asset2/QuarterView 3D Action BE5/Models/Simple Player.fbx using Guid(cae3f9537776dea41855a724b56dd2c9) Importer(815301076,1909f56bfc062723c751e8b465ee728b)  -> (artifact id: '8ece15fd22c9ee7e99b9928b92b72bdd') in 0.168596 seconds
Number of updated asset objects reloaded before import = 0
Number of asset objects unloaded after import = 79
========================================================================
Received Import Request.
  Time since last request: 1.493426 seconds.
  path: Assets/Asset2/QuarterView 3D Action BE5/Models/Simple Npc Luna.fbx
  artifactKey: Guid(c9d6a52c9d828034db1b1c34045bc976) Importer(815301076,1909f56bfc062723c751e8b465ee728b)
Start importing Assets/Asset2/QuarterView 3D Action BE5/Models/Simple Npc Luna.fbx using Guid(c9d6a52c9d828034db1b1c34045bc976) Importer(815301076,1909f56bfc062723c751e8b465ee728b)  -> (artifact id: '17f70419e7aa48feb6d5e76d763947b8') in 0.080492 seconds
Number of updated asset objects reloaded before import = 0
Number of asset objects unloaded after import = 70
========================================================================
Received Import Request.
  Time since last request: 0.721282 seconds.
  path: Assets/Asset2/QuarterView 3D Action BE5/Models/Simple Enemy A AnimTest.fbx
  artifactKey: Guid(98a47f1cd28823f4b8ab7f52d3d506fb) Importer(815301076,1909f56bfc062723c751e8b465ee728b)
Start importing Assets/Asset2/QuarterView 3D Action BE5/Models/Simple Enemy A AnimTest.fbx using Guid(98a47f1cd28823f4b8ab7f52d3d506fb) Importer(815301076,1909f56bfc062723c751e8b465ee728b)  -> (artifact id: '2a67f0d3a1c4c7c940253d4b6d61208e') in 0.050184 seconds
Number of updated asset objects reloaded before import = 0
Number of asset objects unloaded after import = 40
========================================================================
Received Import Request.
  Time since last request: 0.264343 seconds.
  path: Assets/Asset2/QuarterView 3D Action BE5/Materials/Player.mat
  artifactKey: Guid(9aed8e613167e4340b625e15add095e8) Importer(815301076,1909f56bfc062723c751e8b465ee728b)
Start importing Assets/Asset2/QuarterView 3D Action BE5/Materials/Player.mat using Guid(9aed8e613167e4340b625e15add095e8) Importer(815301076,1909f56bfc062723c751e8b465ee728b)  -> (artifact id: 'b2edd9e411afa7c8448eaff7bcc618d0') in 0.009293 seconds
Number of updated asset objects reloaded before import = 0
Number of asset objects unloaded after import = 2
========================================================================
Received Import Request.
  Time since last request: 0.103134 seconds.
  path: Assets/Asset2/QuarterView 3D Action BE5/Models/Missile Boss.obj
  artifactKey: Guid(24081170c36b3b047a3f1bed303ff010) Importer(815301076,1909f56bfc062723c751e8b465ee728b)
Start importing Assets/Asset2/QuarterView 3D Action BE5/Models/Missile Boss.obj using Guid(24081170c36b3b047a3f1bed303ff010) Importer(815301076,1909f56bfc062723c751e8b465ee728b)  -> (artifact id: '49b1d131e4b76e1682828c88fa672ab4') in 0.024137 seconds
Number of updated asset objects reloaded before import = 0
Number of asset objects unloaded after import = 10
========================================================================
Received Import Request.
  Time since last request: 1.451533 seconds.
  path: Assets/Fantasy Skybox FREE/Panoramics/FS017/FS017_Sunrise.mat
  artifactKey: Guid(39d27e80110a983468075fd1868610d7) Importer(815301076,1909f56bfc062723c751e8b465ee728b)
Start importing Assets/Fantasy Skybox FREE/Panoramics/FS017/FS017_Sunrise.mat using Guid(39d27e80110a983468075fd1868610d7) Importer(815301076,1909f56bfc062723c751e8b465ee728b)  -> (artifact id: '942951ac3e32b06e6bf5b934a22e9bea') in 0.012223 seconds
Number of updated asset objects reloaded before import = 0
Number of asset objects unloaded after import = 2
========================================================================
Received Import Request.
  Time since last request: 0.000078 seconds.
  path: Assets/Fantasy Skybox FREE/Cubemaps/FS017/FS017_Sunset_Cubemap.mat
  artifactKey: Guid(9153b2dbef5d0b0428e60c092d1b4a12) Importer(815301076,1909f56bfc062723c751e8b465ee728b)
Start importing Assets/Fantasy Skybox FREE/Cubemaps/FS017/FS017_Sunset_Cubemap.mat using Guid(9153b2dbef5d0b0428e60c092d1b4a12) Importer(815301076,1909f56bfc062723c751e8b465ee728b)  -> (artifact id: 'd6d247a5239bc2db7055aeb355617289') in 0.757577 seconds
Number of updated asset objects reloaded before import = 0
Number of asset objects unloaded after import = 7
========================================================================
Received Import Request.
  Time since last request: 1.448541 seconds.
  path: Assets/Fantasy Skybox FREE/Panoramics/FS017/FS017_Snowy.mat
  artifactKey: Guid(24d76106ebc1bd947a3fed862f899b82) Importer(815301076,1909f56bfc062723c751e8b465ee728b)
Start importing Assets/Fantasy Skybox FREE/Panoramics/FS017/FS017_Snowy.mat using Guid(24d76106ebc1bd947a3fed862f899b82) Importer(815301076,1909f56bfc062723c751e8b465ee728b)  -> (artifact id: '79e120cd958c18062cd812b3cad89100') in 0.010593 seconds
Number of updated asset objects reloaded before import = 0
Number of asset objects unloaded after import = 2
========================================================================
Received Import Request.
  Time since last request: 2.362383 seconds.
  path: Assets/Fantasy Skybox FREE/Cubemaps/FS002/FS002_Sunrise_Cubemap.mat
  artifactKey: Guid(eb8fd6bd252589744b602770b09ccbd7) Importer(815301076,1909f56bfc062723c751e8b465ee728b)
Start importing Assets/Fantasy Skybox FREE/Cubemaps/FS002/FS002_Sunrise_Cubemap.mat using Guid(eb8fd6bd252589744b602770b09ccbd7) Importer(815301076,1909f56bfc062723c751e8b465ee728b)  -> (artifact id: 'a9b1470ef80b119bb329121d6f5aed78') in 0.024174 seconds
Number of updated asset objects reloaded before import = 0
Number of asset objects unloaded after import = 7
Editor requested this worker to shutdown with reason: Scaling down because of idle timeout
TcpMessagingSession - receive error: operation aborted. errorcode: 89, details: Operation aborted.
AssetImportWorker is now disconnected from the server
Process exiting
